{
    "PHP": {
        "php": "/usr/bin/php",
        "phpExtraPaths": [],
        "phpConfigFile": "php.ini"
    },
    "JavaScript": {
        "javascriptExtraPaths": []
    },
    "Perl": {
        "perl": "/usr/bin/perl",
        "perlExtraPaths": []
    },
    "Ruby": {
        "php": "/usr/bin/ruby",
        "phpExtraPaths": []
    },
    "Python": {
        "php": "/usr/bin/python",
        "phpExtraPaths": []
    },
    "Python3": {
        "php": "/usr/bin/python3",
        "phpExtraPaths": []
    }
}
